<?xml version="1.0" encoding="UTF-8"?>
<!-- Generated by org.testng.reporters.JUnitReportReporter -->
<testsuite hostname="LP-5CG0471MNB" failures="0" tests="3" name="SeleFrameworkDesign.CucumberFramework.TestNGCucumberRunner" time="59.711" errors="0" timestamp="2024-04-02T14:01:04 IST" skipped="0">
  <testcase classname="SeleFrameworkDesign.CucumberFramework.TestNGCucumberRunner" name="runScenario" time="33.115"/>
  <testcase classname="SeleFrameworkDesign.CucumberFramework.TestNGCucumberRunner" name="runScenario" time="12.542"/>
  <testcase classname="SeleFrameworkDesign.CucumberFramework.TestNGCucumberRunner" name="runScenario" time="14.054"/>
</testsuite> <!-- SeleFrameworkDesign.CucumberFramework.TestNGCucumberRunner -->
