<?xml version="1.0" encoding="UTF-8"?>
<!-- Generated by org.testng.reporters.JUnitReportReporter -->
<testsuite hostname="LP-5CG0471MNB" failures="0" tests="3" name="SeleFrameworkDesign.FrameworkDesign.SubmitOrderTest" time="94.662" errors="0" timestamp="2024-03-26T15:32:15 IST" skipped="0">
  <testcase classname="SeleFrameworkDesign.FrameworkDesign.SubmitOrderTest" name="productOrderCheck" time="21.385"/>
  <testcase classname="SeleFrameworkDesign.FrameworkDesign.SubmitOrderTest" name="submitOrderTest" time="36.847"/>
  <testcase classname="SeleFrameworkDesign.FrameworkDesign.SubmitOrderTest" name="submitOrderTest" time="36.430"/>
</testsuite> <!-- SeleFrameworkDesign.FrameworkDesign.SubmitOrderTest -->
