<?xml version="1.0" encoding="UTF-8"?>
<!-- Generated by org.testng.reporters.JUnitReportReporter -->
<testsuite hostname="LP-5CG0471MNB" failures="0" tests="1" name="SeleFrameworkDesign.CucumberFramework.TestNGCucumberRunner" time="55.207" errors="0" timestamp="2024-03-29T15:49:21 IST" skipped="0">
  <testcase classname="SeleFrameworkDesign.CucumberFramework.TestNGCucumberRunner" name="runScenario" time="55.207"/>
</testsuite> <!-- SeleFrameworkDesign.CucumberFramework.TestNGCucumberRunner -->
