<?xml version="1.0" encoding="UTF-8"?>
<!-- Generated by org.testng.reporters.JUnitReportReporter -->
<testsuite hostname="LP-5CG0471MNB" failures="0" tests="1" name="apiTest.apiTestingShiv.AuthenticationTest" time="3.946" errors="0" timestamp="2024-04-18T16:18:09 IST" skipped="0">
  <testcase classname="apiTest.apiTestingShiv.AuthenticationTest" name="authenticationTest" time="3.946"/>
</testsuite> <!-- apiTest.apiTestingShiv.AuthenticationTest -->
