<?xml version="1.0" encoding="UTF-8"?>
<!-- Generated by org.testng.reporters.JUnitReportReporter -->
<testsuite hostname="LP-5CG0471MNB" failures="0" tests="1" name="apiTest.apiTestingShiv.SerializationDemo" time="5.584" errors="0" timestamp="2024-04-22T13:05:07 IST" skipped="0">
  <testcase classname="apiTest.apiTestingShiv.SerializationDemo" name="serialDemo" time="5.584"/>
</testsuite> <!-- apiTest.apiTestingShiv.SerializationDemo -->
