<?xml version="1.0" encoding="UTF-8"?>
<!-- Generated by org.testng.reporters.JUnitReportReporter -->
<testsuite hostname="LP-5CG0471MNB" failures="0" tests="2" name="apiTest.apiTestingShiv.LibraryAPi" time="3.359" errors="0" timestamp="2024-04-17T14:36:40 IST" skipped="0">
  <testcase classname="apiTest.apiTestingShiv.LibraryAPi" name="deleteBook" time="0.194"/>
  <testcase classname="apiTest.apiTestingShiv.LibraryAPi" name="addBook" time="3.165"/>
</testsuite> <!-- apiTest.apiTestingShiv.LibraryAPi -->
