<?xml version="1.0" encoding="UTF-8"?>
<!-- Generated by org.testng.reporters.JUnitReportReporter -->
<testsuite hostname="LP-5CG0471MNB" failures="0" tests="4" name="Test1.day2" time="0.026" errors="0" timestamp="2024-03-16T17:27:01 IST" skipped="0">
  <testcase classname="Test1.day2" name="mobileTestHomeLoan" time="0.004"/>
  <testcase classname="Test1.day2" name="shivam" time="0.007"/>
  <testcase classname="Test1.day2" name="webTestHomeLoan" time="0.005"/>
  <testcase classname="Test1.day2" name="apiTestHomeLoan" time="0.010"/>
</testsuite> <!-- Test1.day2 -->
