<?xml version="1.0" encoding="UTF-8"?>
<!-- Generated by org.testng.reporters.JUnitReportReporter -->
<testsuite hostname="LP-5CG0471MNB" failures="0" tests="8" name="Test2.day3" time="0.092" errors="0" timestamp="2024-03-16T17:05:02 IST" skipped="1">
  <testcase classname="Test2.day3" name="apiTestPersonalLoan" time="0.026"/>
  <testcase classname="Test2.day3" name="nono" time="0.002"/>
  <testcase classname="Test2.day3" name="webTestPersonalLoan" time="0.002"/>
  <testcase classname="Test2.day3" name="timeoutMeth" time="0.014"/>
  <testcase classname="Test2.day3" name="mobileTestPersonalLoan" time="0.030"/>
  <testcase classname="Test2.day3" name="nono" time="0.003"/>
  <testcase classname="Test2.day3" name="nono" time="0.015"/>
  <testcase classname="Test2.day3" name="enabledMeth">
    <skipped/>
  </testcase> <!-- enabledMeth -->
</testsuite> <!-- Test2.day3 -->
